Classic Timing Analyzer report for generator1
Mon Feb 26 18:30:22 2018
Quartus II Version 9.1 Build 222 10/21/2009 SJ Web Edition


---------------------
; Table of Contents ;
---------------------
  1. Legal Notice
  2. Timing Analyzer Summary
  3. Timing Analyzer Settings
  4. Clock Settings Summary
  5. Parallel Compilation
  6. Clock Setup: 'CLK'
  7. tsu
  8. tco
  9. th
 10. Timing Analyzer Messages



----------------
; Legal Notice ;
----------------
Copyright (C) 1991-2009 Altera Corporation
Your use of Altera Corporation's design tools, logic functions 
and other software and tools, and its AMPP partner logic 
functions, and any output files from any of the foregoing 
(including device programming or simulation files), and any 
associated documentation or information are expressly subject 
to the terms and conditions of the Altera Program License 
Subscription Agreement, Altera MegaCore Function License 
Agreement, or other applicable license agreement, including, 
without limitation, that your use is for the sole purpose of 
programming logic devices manufactured by Altera and sold by 
Altera or its authorized distributors.  Please refer to the 
applicable agreement for further details.



+----------------------------------------------------------------------------------------------------------------------------------------------------------------------+
; Timing Analyzer Summary                                                                                                                                              ;
+------------------------------+-------+---------------+----------------------------------+------------------+------------------+------------+----------+--------------+
; Type                         ; Slack ; Required Time ; Actual Time                      ; From             ; To               ; From Clock ; To Clock ; Failed Paths ;
+------------------------------+-------+---------------+----------------------------------+------------------+------------------+------------+----------+--------------+
; Worst-case tsu               ; N/A   ; None          ; 2.900 ns                         ; START            ; counter:inst11|1 ; --         ; CLK      ; 0            ;
; Worst-case tco               ; N/A   ; None          ; 6.000 ns                         ; counter:inst11|2 ; OUT[0]           ; CLK        ; --       ; 0            ;
; Worst-case th                ; N/A   ; None          ; -1.000 ns                        ; START            ; counter:inst11|1 ; --         ; CLK      ; 0            ;
; Clock Setup: 'CLK'           ; N/A   ; None          ; 227.27 MHz ( period = 4.400 ns ) ; counter:inst11|2 ; counter:inst11|2 ; CLK        ; CLK      ; 0            ;
; Total number of failed paths ;       ;               ;                                  ;                  ;                  ;            ;          ; 0            ;
+------------------------------+-------+---------------+----------------------------------+------------------+------------------+------------+----------+--------------+


+-----------------------------------------------------------------------------------------------------------------------------------------------------+
; Timing Analyzer Settings                                                                                                                            ;
+------------------------------------------------------------------------------------------------------+--------------------+------+----+-------------+
; Option                                                                                               ; Setting            ; From ; To ; Entity Name ;
+------------------------------------------------------------------------------------------------------+--------------------+------+----+-------------+
; Device Name                                                                                          ; EPM3032ALC44-4     ;      ;    ;             ;
; Timing Models                                                                                        ; Final              ;      ;    ;             ;
; Default hold multicycle                                                                              ; Same as Multicycle ;      ;    ;             ;
; Cut paths between unrelated clock domains                                                            ; On                 ;      ;    ;             ;
; Cut off read during write signal paths                                                               ; On                 ;      ;    ;             ;
; Cut off feedback from I/O pins                                                                       ; On                 ;      ;    ;             ;
; Report Combined Fast/Slow Timing                                                                     ; Off                ;      ;    ;             ;
; Ignore Clock Settings                                                                                ; Off                ;      ;    ;             ;
; Analyze latches as synchronous elements                                                              ; On                 ;      ;    ;             ;
; Enable Recovery/Removal analysis                                                                     ; Off                ;      ;    ;             ;
; Enable Clock Latency                                                                                 ; Off                ;      ;    ;             ;
; Use TimeQuest Timing Analyzer                                                                        ; Off                ;      ;    ;             ;
; Number of source nodes to report per destination node                                                ; 10                 ;      ;    ;             ;
; Number of destination nodes to report                                                                ; 10                 ;      ;    ;             ;
; Number of paths to report                                                                            ; 200                ;      ;    ;             ;
; Report Minimum Timing Checks                                                                         ; Off                ;      ;    ;             ;
; Use Fast Timing Models                                                                               ; Off                ;      ;    ;             ;
; Report IO Paths Separately                                                                           ; Off                ;      ;    ;             ;
; Perform Multicorner Analysis                                                                         ; Off                ;      ;    ;             ;
; Reports the worst-case path for each clock domain and analysis                                       ; Off                ;      ;    ;             ;
; Reports worst-case timing paths for each clock domain and analysis                                   ; On                 ;      ;    ;             ;
; Specifies the maximum number of worst-case timing paths to report for each clock domain and analysis ; 100                ;      ;    ;             ;
; Removes common clock path pessimism (CCPP) during slack computation                                  ; Off                ;      ;    ;             ;
; Output I/O Timing Endpoint                                                                           ; Near End           ;      ;    ;             ;
+------------------------------------------------------------------------------------------------------+--------------------+------+----+-------------+


+------------------------------------------------------------------------------------------------------------------------------------------------------------------------------------+
; Clock Settings Summary                                                                                                                                                             ;
+-----------------+--------------------+----------+------------------+---------------+--------------+----------+-----------------------+---------------------+--------+--------------+
; Clock Node Name ; Clock Setting Name ; Type     ; Fmax Requirement ; Early Latency ; Late Latency ; Based on ; Multiply Base Fmax by ; Divide Base Fmax by ; Offset ; Phase offset ;
+-----------------+--------------------+----------+------------------+---------------+--------------+----------+-----------------------+---------------------+--------+--------------+
; CLK             ;                    ; User Pin ; None             ; 0.000 ns      ; 0.000 ns     ; --       ; N/A                   ; N/A                 ; N/A    ;              ;
+-----------------+--------------------+----------+------------------+---------------+--------------+----------+-----------------------+---------------------+--------+--------------+


Parallel compilation was disabled, but you have multiple processors available. Enable parallel compilation to reduce compilation time.
+-------------------------------------+
; Parallel Compilation                ;
+----------------------------+--------+
; Processors                 ; Number ;
+----------------------------+--------+
; Number detected on machine ; 2      ;
; Maximum allowed            ; 1      ;
+----------------------------+--------+


+----------------------------------------------------------------------------------------------------------------------------------------------------------------------------------------------------------+
; Clock Setup: 'CLK'                                                                                                                                                                                       ;
+-------+------------------------------------------------+------------------+------------------+------------+----------+-----------------------------+---------------------------+-------------------------+
; Slack ; Actual fmax (period)                           ; From             ; To               ; From Clock ; To Clock ; Required Setup Relationship ; Required Longest P2P Time ; Actual Longest P2P Time ;
+-------+------------------------------------------------+------------------+------------------+------------+----------+-----------------------------+---------------------------+-------------------------+
; N/A   ; 227.27 MHz ( period = 4.400 ns )               ; counter:inst11|3 ; counter:inst11|3 ; CLK        ; CLK      ; None                        ; None                      ; 2.400 ns                ;
; N/A   ; 227.27 MHz ( period = 4.400 ns )               ; counter:inst11|1 ; counter:inst11|3 ; CLK        ; CLK      ; None                        ; None                      ; 2.400 ns                ;
; N/A   ; 227.27 MHz ( period = 4.400 ns )               ; counter:inst11|2 ; counter:inst11|3 ; CLK        ; CLK      ; None                        ; None                      ; 2.400 ns                ;
; N/A   ; 227.27 MHz ( period = 4.400 ns )               ; counter:inst11|3 ; counter:inst11|1 ; CLK        ; CLK      ; None                        ; None                      ; 2.400 ns                ;
; N/A   ; 227.27 MHz ( period = 4.400 ns )               ; counter:inst11|1 ; counter:inst11|1 ; CLK        ; CLK      ; None                        ; None                      ; 2.400 ns                ;
; N/A   ; 227.27 MHz ( period = 4.400 ns )               ; counter:inst11|2 ; counter:inst11|1 ; CLK        ; CLK      ; None                        ; None                      ; 2.400 ns                ;
; N/A   ; 227.27 MHz ( period = 4.400 ns )               ; counter:inst11|2 ; counter:inst11|2 ; CLK        ; CLK      ; None                        ; None                      ; 2.400 ns                ;
; N/A   ; Restricted to 250.00 MHz ( period = 4.000 ns ) ; counter:inst11|1 ; counter:inst11|2 ; CLK        ; CLK      ; None                        ; None                      ; 1.500 ns                ;
+-------+------------------------------------------------+------------------+------------------+------------+----------+-----------------------------+---------------------------+-------------------------+


+-------------------------------------------------------------------------+
; tsu                                                                     ;
+-------+--------------+------------+-------+------------------+----------+
; Slack ; Required tsu ; Actual tsu ; From  ; To               ; To Clock ;
+-------+--------------+------------+-------+------------------+----------+
; N/A   ; None         ; 2.900 ns   ; START ; counter:inst11|1 ; CLK      ;
+-------+--------------+------------+-------+------------------+----------+


+----------------------------------------------------------------------------+
; tco                                                                        ;
+-------+--------------+------------+------------------+--------+------------+
; Slack ; Required tco ; Actual tco ; From             ; To     ; From Clock ;
+-------+--------------+------------+------------------+--------+------------+
; N/A   ; None         ; 6.000 ns   ; counter:inst11|3 ; OUT[1] ; CLK        ;
; N/A   ; None         ; 6.000 ns   ; counter:inst11|1 ; OUT[1] ; CLK        ;
; N/A   ; None         ; 6.000 ns   ; counter:inst11|2 ; OUT[1] ; CLK        ;
; N/A   ; None         ; 6.000 ns   ; counter:inst11|3 ; OUT[2] ; CLK        ;
; N/A   ; None         ; 6.000 ns   ; counter:inst11|1 ; OUT[2] ; CLK        ;
; N/A   ; None         ; 6.000 ns   ; counter:inst11|2 ; OUT[2] ; CLK        ;
; N/A   ; None         ; 6.000 ns   ; counter:inst11|3 ; OUT[3] ; CLK        ;
; N/A   ; None         ; 6.000 ns   ; counter:inst11|1 ; OUT[3] ; CLK        ;
; N/A   ; None         ; 6.000 ns   ; counter:inst11|2 ; OUT[3] ; CLK        ;
; N/A   ; None         ; 6.000 ns   ; counter:inst11|3 ; OUT[0] ; CLK        ;
; N/A   ; None         ; 6.000 ns   ; counter:inst11|1 ; OUT[0] ; CLK        ;
; N/A   ; None         ; 6.000 ns   ; counter:inst11|2 ; OUT[0] ; CLK        ;
+-------+--------------+------------+------------------+--------+------------+


+-------------------------------------------------------------------------------+
; th                                                                            ;
+---------------+-------------+-----------+-------+------------------+----------+
; Minimum Slack ; Required th ; Actual th ; From  ; To               ; To Clock ;
+---------------+-------------+-----------+-------+------------------+----------+
; N/A           ; None        ; -1.000 ns ; START ; counter:inst11|1 ; CLK      ;
+---------------+-------------+-----------+-------+------------------+----------+


+--------------------------+
; Timing Analyzer Messages ;
+--------------------------+
Info: *******************************************************************
Info: Running Quartus II Classic Timing Analyzer
    Info: Version 9.1 Build 222 10/21/2009 SJ Web Edition
    Info: Processing started: Mon Feb 26 18:30:21 2018
Info: Command: quartus_tan --read_settings_files=off --write_settings_files=off generator1 -c generator1
Info: Started post-fitting delay annotation
Info: Delay annotation completed successfully
Warning: Timing Analysis does not support the analysis of latches as synchronous elements for the currently selected device family
Warning: Found pins functioning as undefined clocks and/or memory enables
    Info: Assuming node "CLK" is an undefined clock
Info: Clock "CLK" has Internal fmax of 227.27 MHz between source register "counter:inst11|3" and destination register "counter:inst11|3" (period= 4.4 ns)
    Info: + Longest register to register delay is 2.400 ns
        Info: 1: + IC(0.000 ns) + CELL(0.000 ns) = 0.000 ns; Loc. = LC4; Fanout = 6; REG Node = 'counter:inst11|3'
        Info: 2: + IC(0.000 ns) + CELL(2.400 ns) = 2.400 ns; Loc. = LC4; Fanout = 6; REG Node = 'counter:inst11|3'
        Info: Total cell delay = 2.400 ns ( 100.00 % )
    Info: - Smallest clock skew is 0.000 ns
        Info: + Shortest clock path from clock "CLK" to destination register is 1.500 ns
            Info: 1: + IC(0.000 ns) + CELL(0.900 ns) = 0.900 ns; Loc. = PIN_43; Fanout = 3; CLK Node = 'CLK'
            Info: 2: + IC(0.000 ns) + CELL(0.600 ns) = 1.500 ns; Loc. = LC4; Fanout = 6; REG Node = 'counter:inst11|3'
            Info: Total cell delay = 1.500 ns ( 100.00 % )
        Info: - Longest clock path from clock "CLK" to source register is 1.500 ns
            Info: 1: + IC(0.000 ns) + CELL(0.900 ns) = 0.900 ns; Loc. = PIN_43; Fanout = 3; CLK Node = 'CLK'
            Info: 2: + IC(0.000 ns) + CELL(0.600 ns) = 1.500 ns; Loc. = LC4; Fanout = 6; REG Node = 'counter:inst11|3'
            Info: Total cell delay = 1.500 ns ( 100.00 % )
    Info: + Micro clock to output delay of source is 0.700 ns
    Info: + Micro setup delay of destination is 1.300 ns
Info: tsu for register "counter:inst11|1" (data pin = "START", clock pin = "CLK") is 2.900 ns
    Info: + Longest pin to register delay is 3.100 ns
        Info: 1: + IC(0.000 ns) + CELL(0.700 ns) = 0.700 ns; Loc. = PIN_24; Fanout = 1; PIN Node = 'START'
        Info: 2: + IC(0.900 ns) + CELL(1.500 ns) = 3.100 ns; Loc. = LC6; Fanout = 8; REG Node = 'counter:inst11|1'
        Info: Total cell delay = 2.200 ns ( 70.97 % )
        Info: Total interconnect delay = 0.900 ns ( 29.03 % )
    Info: + Micro setup delay of destination is 1.300 ns
    Info: - Shortest clock path from clock "CLK" to destination register is 1.500 ns
        Info: 1: + IC(0.000 ns) + CELL(0.900 ns) = 0.900 ns; Loc. = PIN_43; Fanout = 3; CLK Node = 'CLK'
        Info: 2: + IC(0.000 ns) + CELL(0.600 ns) = 1.500 ns; Loc. = LC6; Fanout = 8; REG Node = 'counter:inst11|1'
        Info: Total cell delay = 1.500 ns ( 100.00 % )
Info: tco from clock "CLK" to destination pin "OUT[1]" through register "counter:inst11|3" is 6.000 ns
    Info: + Longest clock path from clock "CLK" to source register is 1.500 ns
        Info: 1: + IC(0.000 ns) + CELL(0.900 ns) = 0.900 ns; Loc. = PIN_43; Fanout = 3; CLK Node = 'CLK'
        Info: 2: + IC(0.000 ns) + CELL(0.600 ns) = 1.500 ns; Loc. = LC4; Fanout = 6; REG Node = 'counter:inst11|3'
        Info: Total cell delay = 1.500 ns ( 100.00 % )
    Info: + Micro clock to output delay of source is 0.700 ns
    Info: + Longest register to pin delay is 3.800 ns
        Info: 1: + IC(0.000 ns) + CELL(0.000 ns) = 0.000 ns; Loc. = LC4; Fanout = 6; REG Node = 'counter:inst11|3'
        Info: 2: + IC(0.900 ns) + CELL(2.100 ns) = 3.000 ns; Loc. = LC5; Fanout = 1; COMB Node = '74157:inst1|12~13'
        Info: 3: + IC(0.000 ns) + CELL(0.800 ns) = 3.800 ns; Loc. = PIN_8; Fanout = 0; PIN Node = 'OUT[1]'
        Info: Total cell delay = 2.900 ns ( 76.32 % )
        Info: Total interconnect delay = 0.900 ns ( 23.68 % )
Info: th for register "counter:inst11|1" (data pin = "START", clock pin = "CLK") is -1.000 ns
    Info: + Longest clock path from clock "CLK" to destination register is 1.500 ns
        Info: 1: + IC(0.000 ns) + CELL(0.900 ns) = 0.900 ns; Loc. = PIN_43; Fanout = 3; CLK Node = 'CLK'
        Info: 2: + IC(0.000 ns) + CELL(0.600 ns) = 1.500 ns; Loc. = LC6; Fanout = 8; REG Node = 'counter:inst11|1'
        Info: Total cell delay = 1.500 ns ( 100.00 % )
    Info: + Micro hold delay of destination is 0.600 ns
    Info: - Shortest pin to register delay is 3.100 ns
        Info: 1: + IC(0.000 ns) + CELL(0.700 ns) = 0.700 ns; Loc. = PIN_24; Fanout = 1; PIN Node = 'START'
        Info: 2: + IC(0.900 ns) + CELL(1.500 ns) = 3.100 ns; Loc. = LC6; Fanout = 8; REG Node = 'counter:inst11|1'
        Info: Total cell delay = 2.200 ns ( 70.97 % )
        Info: Total interconnect delay = 0.900 ns ( 29.03 % )
Info: Quartus II Classic Timing Analyzer was successful. 0 errors, 2 warnings
    Info: Peak virtual memory: 160 megabytes
    Info: Processing ended: Mon Feb 26 18:30:22 2018
    Info: Elapsed time: 00:00:01
    Info: Total CPU time (on all processors): 00:00:00


