Flow report for generator1
Mon Feb 26 18:30:22 2018
Quartus II Version 9.1 Build 222 10/21/2009 SJ Web Edition


---------------------
; Table of Contents ;
---------------------
  1. Legal Notice
  2. Flow Summary
  3. Flow Settings
  4. Flow Non-Default Global Settings
  5. Flow Elapsed Time
  6. Flow OS Summary
  7. Flow Log



----------------
; Legal Notice ;
----------------
Copyright (C) 1991-2009 Altera Corporation
Your use of Altera Corporation's design tools, logic functions 
and other software and tools, and its AMPP partner logic 
functions, and any output files from any of the foregoing 
(including device programming or simulation files), and any 
associated documentation or information are expressly subject 
to the terms and conditions of the Altera Program License 
Subscription Agreement, Altera MegaCore Function License 
Agreement, or other applicable license agreement, including, 
without limitation, that your use is for the sole purpose of 
programming logic devices manufactured by Altera and sold by 
Altera or its authorized distributors.  Please refer to the 
applicable agreement for further details.



+-------------------------------------------------------------------+
; Flow Summary                                                      ;
+-------------------------+-----------------------------------------+
; Flow Status             ; Successful - Mon Feb 26 18:30:22 2018   ;
; Quartus II Version      ; 9.1 Build 222 10/21/2009 SJ Web Edition ;
; Revision Name           ; generator1                              ;
; Top-level Entity Name   ; generator1                              ;
; Family                  ; MAX3000A                                ;
; Met timing requirements ; Yes                                     ;
; Total macrocells        ; 7 / 32 ( 22 % )                         ;
; Total pins              ; 10 / 34 ( 29 % )                        ;
; Device                  ; EPM3032ALC44-4                          ;
; Timing Models           ; Final                                   ;
+-------------------------+-----------------------------------------+


+-----------------------------------------+
; Flow Settings                           ;
+-------------------+---------------------+
; Option            ; Setting             ;
+-------------------+---------------------+
; Start date & time ; 02/26/2018 18:29:49 ;
; Main task         ; Compilation         ;
; Revision Name     ; generator1          ;
+-------------------+---------------------+


+--------------------------------------------------------------------------------------------------------------------+
; Flow Non-Default Global Settings                                                                                   ;
+------------------------------------+--------------------------------+---------------+-------------+----------------+
; Assignment Name                    ; Value                          ; Default Value ; Entity Name ; Section Id     ;
+------------------------------------+--------------------------------+---------------+-------------+----------------+
; COMPILER_SIGNATURE_ID              ; 26728420543084.151965898907668 ; --            ; --          ; --             ;
; USE_GENERATED_PHYSICAL_CONSTRAINTS ; Off                            ; --            ; --          ; eda_blast_fpga ;
+------------------------------------+--------------------------------+---------------+-------------+----------------+


+-----------------------------------------------------------------------------------------------------------------------------+
; Flow Elapsed Time                                                                                                           ;
+-------------------------+--------------+-------------------------+---------------------+------------------------------------+
; Module Name             ; Elapsed Time ; Average Processors Used ; Peak Virtual Memory ; Total CPU Time (on all processors) ;
+-------------------------+--------------+-------------------------+---------------------+------------------------------------+
; Analysis & Synthesis    ; 00:00:06     ; 1.0                     ; 210 MB              ; 00:00:01                           ;
; Fitter                  ; 00:00:20     ; 1.0                     ; 159 MB              ; 00:00:01                           ;
; Assembler               ; 00:00:00     ; 1.0                     ; 176 MB              ; 00:00:00                           ;
; Classic Timing Analyzer ; 00:00:01     ; 1.0                     ; 146 MB              ; 00:00:00                           ;
; Total                   ; 00:00:27     ; --                      ; --                  ; 00:00:02                           ;
+-------------------------+--------------+-------------------------+---------------------+------------------------------------+


+------------------------------------------------------------------------------------------+
; Flow OS Summary                                                                          ;
+-------------------------+------------------+---------------+------------+----------------+
; Module Name             ; Machine Hostname ; OS Name       ; OS Version ; Processor type ;
+-------------------------+------------------+---------------+------------+----------------+
; Analysis & Synthesis    ; Lenovo-PC        ; Windows Vista ; 6.2        ; x86_64         ;
; Fitter                  ; Lenovo-PC        ; Windows Vista ; 6.2        ; x86_64         ;
; Assembler               ; Lenovo-PC        ; Windows Vista ; 6.2        ; x86_64         ;
; Classic Timing Analyzer ; Lenovo-PC        ; Windows Vista ; 6.2        ; x86_64         ;
+-------------------------+------------------+---------------+------------+----------------+


------------
; Flow Log ;
------------
quartus_map --read_settings_files=on --write_settings_files=off generator1 -c generator1
quartus_fit --read_settings_files=off --write_settings_files=off generator1 -c generator1
quartus_asm --read_settings_files=off --write_settings_files=off generator1 -c generator1
quartus_tan --read_settings_files=off --write_settings_files=off generator1 -c generator1



